{"D:\\Projects\\learn\\learn-js\\latihan-testing\\gradeCalculations.js": {"path":"D:\\Projects\\learn\\learn-js\\latihan-testing\\gradeCalculations.js","statementMap":{"0":{"start":{"line":11,"column":21},"end":{"line":17,"column":1}},"1":{"start":{"line":12,"column":29},"end":{"line":12,"column":79}},"2":{"start":{"line":12,"column":54},"end":{"line":12,"column":78}},"3":{"start":{"line":13,"column":4},"end":{"line":13,"column":62}},"4":{"start":{"line":13,"column":27},"end":{"line":13,"column":62}},"5":{"start":{"line":15,"column":22},"end":{"line":15,"column":100}},"6":{"start":{"line":15,"column":70},"end":{"line":15,"column":96}},"7":{"start":{"line":16,"column":4},"end":{"line":16,"column":41}},"8":{"start":{"line":20,"column":26},"end":{"line":31,"column":1}},"9":{"start":{"line":21,"column":22},"end":{"line":21,"column":24}},"10":{"start":{"line":22,"column":20},"end":{"line":22,"column":44}},"11":{"start":{"line":24,"column":4},"end":{"line":30,"column":5}},"12":{"start":{"line":25,"column":8},"end":{"line":25,"column":46}},"13":{"start":{"line":26,"column":8},"end":{"line":26,"column":20}},"14":{"start":{"line":28,"column":8},"end":{"line":28,"column":46}},"15":{"start":{"line":29,"column":8},"end":{"line":29,"column":21}},"16":{"start":{"line":33,"column":0},"end":{"line":33,"column":53}}},"fnMap":{"0":{"name":"(anonymous_0)","decl":{"start":{"line":11,"column":21},"end":{"line":11,"column":22}},"loc":{"start":{"line":11,"column":37},"end":{"line":17,"column":1}},"line":11},"1":{"name":"(anonymous_1)","decl":{"start":{"line":12,"column":46},"end":{"line":12,"column":47}},"loc":{"start":{"line":12,"column":54},"end":{"line":12,"column":78}},"line":12},"2":{"name":"(anonymous_2)","decl":{"start":{"line":15,"column":40},"end":{"line":15,"column":41}},"loc":{"start":{"line":15,"column":70},"end":{"line":15,"column":96}},"line":15},"3":{"name":"(anonymous_3)","decl":{"start":{"line":20,"column":26},"end":{"line":20,"column":27}},"loc":{"start":{"line":20,"column":48},"end":{"line":31,"column":1}},"line":20}},"branchMap":{"0":{"loc":{"start":{"line":13,"column":4},"end":{"line":13,"column":62}},"type":"if","locations":[{"start":{"line":13,"column":4},"end":{"line":13,"column":62}},{"start":{},"end":{}}],"line":13},"1":{"loc":{"start":{"line":24,"column":4},"end":{"line":30,"column":5}},"type":"if","locations":[{"start":{"line":24,"column":4},"end":{"line":30,"column":5}},{"start":{"line":27,"column":11},"end":{"line":30,"column":5}}],"line":24}},"s":{"0":1,"1":4,"2":14,"3":4,"4":1,"5":3,"6":12,"7":3,"8":1,"9":2,"10":2,"11":2,"12":1,"13":1,"14":1,"15":1,"16":1},"f":{"0":4,"1":14,"2":12,"3":2},"b":{"0":[1,3],"1":[1,1]},"_coverageSchema":"1a1c01bbd47fc00a2c39e90264f33305004495a9","hash":"a5be39470556e5931f20f8e408a161598308e436"}
}
